<?xml version="1.0" encoding="UTF-8"?>
<!-- Generated by org.testng.reporters.JUnitReportReporter -->
<testsuite hostname="DESKTOP-9CO02UK" failures="0" tests="1" name="BetikaTests.TestGetUserApi" time="4.350" errors="0" timestamp="2023-04-09T20:52:23 EAT" skipped="0">
  <testcase classname="BetikaTests.TestGetUserApi" name="testGetUserApi" time="4.350"/>
  <system-out/>
</testsuite> <!-- BetikaTests.TestGetUserApi -->
